Using pre-set license
Built from '2021.3/staging' branch; Version is '2021.3.9f1 (ad3870b89536) revision 11352176'; Using compiler version '192829333'; Build Type 'Release'
OS: 'Windows 10  (10.0.19045) 64bit Professional' Language: 'fr' Physical Memory: 16250 MB
BatchMode: 1, IsHumanControllingUs: 0, StartBugReporterOnCrash: 0, Is64bit: 1, IsPro: 1

COMMAND LINE ARGUMENTS:
C:\Program Files\Unity\Hub\Editor\2021.3.9f1\Editor\Unity.exe
-adb2
-batchMode
-noUpm
-name
AssetImportWorker0
-projectPath
C:/Users/Jibril/Documents/Jeu/AuDelaDesOmbres
-logFile
Logs/AssetImportWorker0.log
-srvPort
57153
Successfully changed project path to: C:/Users/Jibril/Documents/Jeu/AuDelaDesOmbres
C:/Users/Jibril/Documents/Jeu/AuDelaDesOmbres
[UnityMemory] Configuration Parameters - Can be set up in boot.config
    "memorysetup-bucket-allocator-granularity=16"
    "memorysetup-bucket-allocator-bucket-count=8"
    "memorysetup-bucket-allocator-block-size=33554432"
    "memorysetup-bucket-allocator-block-count=8"
    "memorysetup-main-allocator-block-size=16777216"
    "memorysetup-thread-allocator-block-size=16777216"
    "memorysetup-gfx-main-allocator-block-size=16777216"
    "memorysetup-gfx-thread-allocator-block-size=16777216"
    "memorysetup-cache-allocator-block-size=4194304"
    "memorysetup-typetree-allocator-block-size=2097152"
    "memorysetup-profiler-bucket-allocator-granularity=16"
    "memorysetup-profiler-bucket-allocator-bucket-count=8"
    "memorysetup-profiler-bucket-allocator-block-size=33554432"
    "memorysetup-profiler-bucket-allocator-block-count=8"
    "memorysetup-profiler-allocator-block-size=16777216"
    "memorysetup-profiler-editor-allocator-block-size=1048576"
    "memorysetup-temp-allocator-size-main=16777216"
    "memorysetup-job-temp-allocator-block-size=2097152"
    "memorysetup-job-temp-allocator-block-size-background=1048576"
    "memorysetup-job-temp-allocator-reduction-small-platforms=262144"
    "memorysetup-temp-allocator-size-background-worker=32768"
    "memorysetup-temp-allocator-size-job-worker=262144"
    "memorysetup-temp-allocator-size-preload-manager=33554432"
    "memorysetup-temp-allocator-size-nav-mesh-worker=65536"
    "memorysetup-temp-allocator-size-audio-worker=65536"
    "memorysetup-temp-allocator-size-cloud-worker=32768"
    "memorysetup-temp-allocator-size-gi-baking-worker=262144"
    "memorysetup-temp-allocator-size-gfx=262144"
Refreshing native plugins compatible for Editor in 390.85 ms, found 4 plugins.
Preloading 0 native plugins for Editor in 0.00 ms.
Initialize engine version: 2021.3.9f1 (ad3870b89536)
[Subsystems] Discovering subsystems at path C:/Program Files/Unity/Hub/Editor/2021.3.9f1/Editor/Data/Resources/UnitySubsystems
[Subsystems] Discovering subsystems at path C:/Users/Jibril/Documents/Jeu/AuDelaDesOmbres/Assets
GfxDevice: creating device client; threaded=0; jobified=0
Direct3D:
    Version:  Direct3D 11.0 [level 11.1]
    Renderer: Intel(R) HD Graphics 620 (ID=0x5916)
    Vendor:   Intel
    VRAM:     8125 MB
    Driver:   31.0.101.2125
Initialize mono
Mono path[0] = 'C:/Program Files/Unity/Hub/Editor/2021.3.9f1/Editor/Data/Managed'
Mono path[1] = 'C:/Program Files/Unity/Hub/Editor/2021.3.9f1/Editor/Data/MonoBleedingEdge/lib/mono/unityjit-win32'
Mono config path = 'C:/Program Files/Unity/Hub/Editor/2021.3.9f1/Editor/Data/MonoBleedingEdge/etc'
Using monoOptions --debugger-agent=transport=dt_socket,embedding=1,server=y,suspend=n,address=127.0.0.1:56924
Begin MonoManager ReloadAssembly
Registering precompiled unity dll's ...
Register platform support module: C:/Program Files/Unity/Hub/Editor/2021.3.9f1/Editor/Data/PlaybackEngines/AndroidPlayer/UnityEditor.Android.Extensions.dll
Register platform support module: C:/Program Files/Unity/Hub/Editor/2021.3.9f1/Editor/Data/PlaybackEngines/WindowsStandaloneSupport/UnityEditor.WindowsStandalone.Extensions.dll
Registered in 0.018781 seconds.
Native extension for WindowsStandalone target not found
Native extension for Android target not found
Refreshing native plugins compatible for Editor in 123.11 ms, found 4 plugins.
Preloading 0 native plugins for Editor in 0.00 ms.
Mono: successfully reloaded assembly
- Completed reload, in  0.952 seconds
Domain Reload Profiling:
	ReloadAssembly (957ms)
		BeginReloadAssembly (131ms)
			ExecutionOrderSort (0ms)
			DisableScriptedObjects (0ms)
			BackupInstance (0ms)
			ReleaseScriptingObjects (0ms)
			CreateAndSetChildDomain (2ms)
		EndReloadAssembly (649ms)
			LoadAssemblies (115ms)
			RebuildTransferFunctionScriptingTraits (0ms)
			SetupTypeCache (138ms)
			ReleaseScriptCaches (0ms)
			RebuildScriptCaches (36ms)
			SetupLoadedEditorAssemblies (403ms)
				LogAssemblyErrors (0ms)
				InitializePlatformSupportModulesInManaged (73ms)
				SetLoadedEditorAssemblies (0ms)
				RefreshPlugins (124ms)
				BeforeProcessingInitializeOnLoad (1ms)
				ProcessInitializeOnLoadAttributes (145ms)
				ProcessInitializeOnLoadMethodAttributes (59ms)
				AfterProcessingInitializeOnLoad (0ms)
				EditorAssembliesLoaded (0ms)
			ExecutionOrderSort2 (0ms)
			AwakeInstancesAfterBackupRestoration (0ms)
Platform modules already initialized, skipping
Registering precompiled user dll's ...
Registered in 0.020292 seconds.
Begin MonoManager ReloadAssembly
Symbol file LoadedFromMemory doesn't match image C:\Users\Jibril\Documents\Jeu\AuDelaDesOmbres\Library\PackageCache\com.unity.visualscripting@1.7.8\Editor\VisualScripting.Core\Dependencies\YamlDotNet\Unity.VisualScripting.YamlDotNet.dll
Symbol file LoadedFromMemory doesn't match image C:\Users\Jibril\Documents\Jeu\AuDelaDesOmbres\Library\PackageCache\com.unity.visualscripting@1.7.8\Editor\VisualScripting.Core\Dependencies\DotNetZip\Unity.VisualScripting.IonicZip.dll
Native extension for WindowsStandalone target not found
Native extension for Android target not found
Refreshing native plugins compatible for Editor in 130.30 ms, found 4 plugins.
Preloading 0 native plugins for Editor in 0.00 ms.
Mono: successfully reloaded assembly
- Completed reload, in  1.674 seconds
Domain Reload Profiling:
	ReloadAssembly (1676ms)
		BeginReloadAssembly (184ms)
			ExecutionOrderSort (0ms)
			DisableScriptedObjects (7ms)
			BackupInstance (0ms)
			ReleaseScriptingObjects (0ms)
			CreateAndSetChildDomain (29ms)
		EndReloadAssembly (1306ms)
			LoadAssemblies (163ms)
			RebuildTransferFunctionScriptingTraits (0ms)
			SetupTypeCache (321ms)
			ReleaseScriptCaches (1ms)
			RebuildScriptCaches (83ms)
			SetupLoadedEditorAssemblies (686ms)
				LogAssemblyErrors (0ms)
				InitializePlatformSupportModulesInManaged (20ms)
				SetLoadedEditorAssemblies (0ms)
				RefreshPlugins (131ms)
				BeforeProcessingInitializeOnLoad (157ms)
				ProcessInitializeOnLoadAttributes (307ms)
				ProcessInitializeOnLoadMethodAttributes (52ms)
				AfterProcessingInitializeOnLoad (19ms)
				EditorAssembliesLoaded (0ms)
			ExecutionOrderSort2 (0ms)
			AwakeInstancesAfterBackupRestoration (14ms)
Platform modules already initialized, skipping
========================================================================
Worker process is ready to serve import requests
Launched and connected shader compiler UnityShaderCompiler.exe after 0.07 seconds
Refreshing native plugins compatible for Editor in 1.07 ms, found 4 plugins.
Preloading 0 native plugins for Editor in 0.00 ms.
Unloading 4080 Unused Serialized files (Serialized files now loaded: 0)
Unloading 38 unused Assets / (55.5 KB). Loaded Objects now: 4547.
Memory consumption went from 225.6 MB to 225.6 MB.
Total: 4.765300 ms (FindLiveObjects: 0.334500 ms CreateObjectMapping: 0.257200 ms MarkObjects: 4.080200 ms  DeleteObjects: 0.092500 ms)

AssetImportParameters requested are different than current active one (requested -> active):
  custom:video-decoder-ogg-theora: a1e56fd34408186e4bbccfd4996cb3dc -> 
  custom:container-muxer-webm: aa71ff27fc2769a1b78a27578f13a17b -> 
  custom:container-demuxer-webm: 4f35f7cbe854078d1ac9338744f61a02 -> 
  custom:video-encoder-webm-vp8: eb34c28f22e8b96e1ab97ce403110664 -> 
  custom:audio-encoder-webm-vorbis: bf7c407c2cedff20999df2af8eb42d56 -> 
  custom:framework-win-MediaFoundation: 216162199b28c13a410421893ffa2e32 -> 
  custom:container-demuxer-ogg: 62fdf1f143b41e24485cea50d1cbac27 -> 
  custom:video-decoder-webm-vp8: 9c59270c3fd7afecdb556c50c9e8de78 -> 
  custom:audio-decoder-ogg-vorbis: bf7c407c2cedff20999df2af8eb42d56 -> 
========================================================================
Received Import Request.
  Time since last request: 19050.997966 seconds.
  path: Assets/fil4-02.png
  artifactKey: Guid(51bc51e70f8e8834e9247a8b7955feec) Importer(815301076,1909f56bfc062723c751e8b465ee728b)
Start importing Assets/fil4-02.png using Guid(51bc51e70f8e8834e9247a8b7955feec) Importer(815301076,1909f56bfc062723c751e8b465ee728b)  -> (artifact id: '3abd9e1f6d2b79cb1fc2b60f66b8717c') in 0.197745 seconds 
========================================================================
Received Import Request.
  Time since last request: 0.000030 seconds.
  path: Assets/Fil 1 to 2.png
  artifactKey: Guid(b49d189f21d90864fad7a623dd45c4f7) Importer(815301076,1909f56bfc062723c751e8b465ee728b)
Start importing Assets/Fil 1 to 2.png using Guid(b49d189f21d90864fad7a623dd45c4f7) Importer(815301076,1909f56bfc062723c751e8b465ee728b)  -> (artifact id: '700a651ff7c3093e6be8971efde52175') in 0.037578 seconds 
========================================================================
Received Import Request.
  Time since last request: 0.000283 seconds.
  path: Assets/narationbg-01.png
  artifactKey: Guid(29848b766119ab3438c9dc4f10c53357) Importer(815301076,1909f56bfc062723c751e8b465ee728b)
Start importing Assets/narationbg-01.png using Guid(29848b766119ab3438c9dc4f10c53357) Importer(815301076,1909f56bfc062723c751e8b465ee728b)  -> (artifact id: '90c88853170144439a04ee2fe33d44de') in 0.314236 seconds 
========================================================================
Received Import Request.
  Time since last request: 0.000032 seconds.
  path: Assets/Fil3-02.png
  artifactKey: Guid(ef587440e91ffe6459a751e268fa5786) Importer(815301076,1909f56bfc062723c751e8b465ee728b)
Start importing Assets/Fil3-02.png using Guid(ef587440e91ffe6459a751e268fa5786) Importer(815301076,1909f56bfc062723c751e8b465ee728b)  -> (artifact id: '8a48751af2b01f03c467739a6aa20b24') in 0.037863 seconds 
========================================================================
Received Import Request.
  Time since last request: 0.000028 seconds.
  path: Assets/pngimg.com - truck_PNG16266.png
  artifactKey: Guid(19a9020b0339f7340b4bb93c0bda0ee7) Importer(815301076,1909f56bfc062723c751e8b465ee728b)
Start importing Assets/pngimg.com - truck_PNG16266.png using Guid(19a9020b0339f7340b4bb93c0bda0ee7) Importer(815301076,1909f56bfc062723c751e8b465ee728b)  -> (artifact id: '3552ef3598f06fd35c1e736b74381559') in 0.432039 seconds 
========================================================================
Received Import Request.
  Time since last request: 0.000046 seconds.
  path: Assets/Fil 2-02.png
  artifactKey: Guid(2cce1e70975a3664293bb711da21f64c) Importer(815301076,1909f56bfc062723c751e8b465ee728b)
Start importing Assets/Fil 2-02.png using Guid(2cce1e70975a3664293bb711da21f64c) Importer(815301076,1909f56bfc062723c751e8b465ee728b)  -> (artifact id: '1d54cb07c09b3c0ba95264df670542e1') in 0.029203 seconds 
========================================================================
Received Import Request.
  Time since last request: 0.000036 seconds.
  path: Assets/Fil 1 to 2 vert.png
  artifactKey: Guid(af914bae5a27f684d87d7d7a08a0a45c) Importer(815301076,1909f56bfc062723c751e8b465ee728b)
Start importing Assets/Fil 1 to 2 vert.png using Guid(af914bae5a27f684d87d7d7a08a0a45c) Importer(815301076,1909f56bfc062723c751e8b465ee728b)  -> (artifact id: 'f3113e219a82cc3677a04730a6b735de') in 0.032554 seconds 
========================================================================
Received Import Request.
  Time since last request: 0.000033 seconds.
  path: Assets/Homme-02.png
  artifactKey: Guid(4236102deb3a04a429fa2548ea6f82ce) Importer(815301076,1909f56bfc062723c751e8b465ee728b)
Start importing Assets/Homme-02.png using Guid(4236102deb3a04a429fa2548ea6f82ce) Importer(815301076,1909f56bfc062723c751e8b465ee728b)  -> (artifact id: '4b8a29240bd5c684fbc8719076966ca4') in 0.036268 seconds 
========================================================================
Received Import Request.
  Time since last request: 0.000023 seconds.
  path: Assets/Homme2-02.png
  artifactKey: Guid(f81441007fa24d849878651f6a91f777) Importer(815301076,1909f56bfc062723c751e8b465ee728b)
Start importing Assets/Homme2-02.png using Guid(f81441007fa24d849878651f6a91f777) Importer(815301076,1909f56bfc062723c751e8b465ee728b)  -> (artifact id: '28db071d8783c77dc1b74239e7e4cce1') in 0.030420 seconds 
========================================================================
Received Import Request.
  Time since last request: 0.000024 seconds.
  path: Assets/Enfant-02.png
  artifactKey: Guid(4b956e09d4e168343b394de0ac522608) Importer(815301076,1909f56bfc062723c751e8b465ee728b)
Start importing Assets/Enfant-02.png using Guid(4b956e09d4e168343b394de0ac522608) Importer(815301076,1909f56bfc062723c751e8b465ee728b)  -> (artifact id: '1195c202f8c7b2bcc5481fa6f5c90e3a') in 0.027237 seconds 
========================================================================
Received Import Request.
  Time since last request: 0.000030 seconds.
  path: Assets/Van-02.png
  artifactKey: Guid(e7ac5f0dac48fd04892751cbfbb01b99) Importer(815301076,1909f56bfc062723c751e8b465ee728b)
Start importing Assets/Van-02.png using Guid(e7ac5f0dac48fd04892751cbfbb01b99) Importer(815301076,1909f56bfc062723c751e8b465ee728b)  -> (artifact id: 'ad45e7ccec0cff01e8b9c9fa07126290') in 0.031159 seconds 
========================================================================
Received Import Request.
  Time since last request: 0.000028 seconds.
  path: Assets/media-skip-forward-xxl.png
  artifactKey: Guid(b13b1fc6d7e2def49b4600a63c15fccf) Importer(815301076,1909f56bfc062723c751e8b465ee728b)
Start importing Assets/media-skip-forward-xxl.png using Guid(b13b1fc6d7e2def49b4600a63c15fccf) Importer(815301076,1909f56bfc062723c751e8b465ee728b)  -> (artifact id: 'bcd785d73e57869bbdffa7fa6f7a1331') in 0.034116 seconds 
========================================================================
Received Import Request.
  Time since last request: 0.000033 seconds.
  path: Assets/Scene-01.png
  artifactKey: Guid(906aefb5c07999140a63c2451003013d) Importer(815301076,1909f56bfc062723c751e8b465ee728b)
Start importing Assets/Scene-01.png using Guid(906aefb5c07999140a63c2451003013d) Importer(815301076,1909f56bfc062723c751e8b465ee728b)  -> (artifact id: '68ed34d6f394b8e87d2d1a9b653064ca') in 0.212596 seconds 
========================================================================
Received Import Request.
  Time since last request: 0.000029 seconds.
  path: Assets/Van2-02.png
  artifactKey: Guid(bf5be6528b9a2a848b84b8b423937824) Importer(815301076,1909f56bfc062723c751e8b465ee728b)
Start importing Assets/Van2-02.png using Guid(bf5be6528b9a2a848b84b8b423937824) Importer(815301076,1909f56bfc062723c751e8b465ee728b)  -> (artifact id: '0135984687b7f6733737862eba3046bf') in 0.028682 seconds 
========================================================================
Received Import Request.
  Time since last request: 24.869152 seconds.
  path: Assets/Cinematique.unity
  artifactKey: Guid(ff2a3f164df69164684eaf025a52fbbb) Importer(815301076,1909f56bfc062723c751e8b465ee728b)
Start importing Assets/Cinematique.unity using Guid(ff2a3f164df69164684eaf025a52fbbb) Importer(815301076,1909f56bfc062723c751e8b465ee728b)  -> (artifact id: '7d3e35fbe0e59caa623764798b9df969') in 0.007245 seconds 
